2022-05-28T18:47:48.1948250+02:00  [WRN] "The application is trying to access the ASP.NET Core developer certificate key. A prompt might appear to ask for permission to access the key. When that happens, select 'Always Allow' to grant 'dotnet' access to the certificate key in the future." (31656512)
2022-05-28T18:47:53.0203470+02:00  [INF] Now listening on: "https://localhost:7250" (d826f4b8)
2022-05-28T18:47:53.0203980+02:00  [INF] Now listening on: "http://localhost:5100" (d826f4b8)
2022-05-28T18:47:53.0244730+02:00  [INF] Application started. Press Ctrl+C to shut down. (dcaefe54)
2022-05-28T18:47:53.0252410+02:00  [INF] Hosting environment: "Development" (c3307c92)
2022-05-28T18:47:53.0252700+02:00  [INF] Content root path: "/Users/omarsamarah/Desktop/uni/Algoritmer/MockingProjekt/AirplaneManagerApi/" (b5d60022)
2022-05-28T18:48:32.2810000+02:00 0HMI0P77HAJE9:00000002 [INF] Request starting HTTP/1.1 GET https://localhost:7250/ - - (ca22a1cb)
2022-05-28T18:48:32.3999810+02:00 0HMI0P77HAJE9:00000002 [INF] Request finished HTTP/1.1 GET https://localhost:7250/ - - - 404 0 - 115.4501ms (791a596a)
2022-05-28T18:48:34.3411520+02:00 0HMI0P77HAJE9:00000003 [INF] Request starting HTTP/1.1 GET https://localhost:7250/ - - (ca22a1cb)
2022-05-28T18:48:34.3417530+02:00 0HMI0P77HAJE9:00000003 [INF] Request finished HTTP/1.1 GET https://localhost:7250/ - - - 404 0 - 0.6145ms (791a596a)
2022-05-28T18:48:42.8500840+02:00 0HMI0P77HAJE9:00000004 [INF] Request starting HTTP/1.1 GET https://localhost:7250/swagger - - (ca22a1cb)
2022-05-28T18:48:42.8606780+02:00 0HMI0P77HAJE9:00000004 [INF] Request finished HTTP/1.1 GET https://localhost:7250/swagger - - - 301 0 - 10.5369ms (791a596a)
2022-05-28T18:48:42.8900410+02:00 0HMI0P77HAJE9:00000005 [INF] Request starting HTTP/1.1 GET https://localhost:7250/swagger/index.html - - (ca22a1cb)
2022-05-28T18:48:43.0047040+02:00 0HMI0P77HAJE9:00000005 [INF] Request finished HTTP/1.1 GET https://localhost:7250/swagger/index.html - - - 200 - text/html;charset=utf-8 114.6643ms (791a596a)
2022-05-28T18:48:43.0458820+02:00 0HMI0P77HAJE9:00000006 [INF] Request starting HTTP/1.1 GET https://localhost:7250/swagger/swagger-ui.css - - (ca22a1cb)
2022-05-28T18:48:43.0791380+02:00 0HMI0P77HAJE9:00000006 [INF] Sending file. Request path: '"/swagger-ui.css"'. Physical path: '"N/A"' (27b0a520)
2022-05-28T18:48:43.0792280+02:00 0HMI0P77HAJE9:00000006 [INF] Request finished HTTP/1.1 GET https://localhost:7250/swagger/swagger-ui.css - - - 200 143943 text/css 33.3987ms (791a596a)
2022-05-28T18:48:43.0793340+02:00 0HMI0P77HAJE9:00000007 [INF] Request starting HTTP/1.1 GET https://localhost:7250/swagger/swagger-ui-standalone-preset.js - - (ca22a1cb)
2022-05-28T18:48:43.0850650+02:00 0HMI0P77HAJE9:00000007 [INF] Sending file. Request path: '"/swagger-ui-standalone-preset.js"'. Physical path: '"N/A"' (27b0a520)
2022-05-28T18:48:43.0858190+02:00 0HMI0P77HAJE9:00000007 [INF] Request finished HTTP/1.1 GET https://localhost:7250/swagger/swagger-ui-standalone-preset.js - - - 200 339486 application/javascript 6.4482ms (791a596a)
2022-05-28T18:48:43.0859390+02:00 0HMI0P77HAJE9:00000008 [INF] Request starting HTTP/1.1 GET https://localhost:7250/swagger/swagger-ui-bundle.js - - (ca22a1cb)
2022-05-28T18:48:43.0902760+02:00 0HMI0P77HAJE9:00000008 [INF] Sending file. Request path: '"/swagger-ui-bundle.js"'. Physical path: '"N/A"' (27b0a520)
2022-05-28T18:48:43.0903500+02:00 0HMI0P77HAJE9:00000008 [INF] Request finished HTTP/1.1 GET https://localhost:7250/swagger/swagger-ui-bundle.js - - - 200 1095087 application/javascript 4.3836ms (791a596a)
2022-05-28T18:48:43.3270740+02:00 0HMI0P77HAJE9:00000009 [INF] Request starting HTTP/1.1 GET https://localhost:7250/swagger/favicon-32x32.png - - (ca22a1cb)
2022-05-28T18:48:43.3272420+02:00 0HMI0P77HAJE9:00000009 [INF] Sending file. Request path: '"/favicon-32x32.png"'. Physical path: '"N/A"' (27b0a520)
2022-05-28T18:48:43.3272700+02:00 0HMI0P77HAJE9:00000009 [INF] Request finished HTTP/1.1 GET https://localhost:7250/swagger/favicon-32x32.png - - - 200 628 image/png 0.2073ms (791a596a)
2022-05-28T18:48:43.4721620+02:00 0HMI0P77HAJE9:0000000A [INF] Request starting HTTP/1.1 GET https://localhost:7250/swagger/v1/swagger.json - - (ca22a1cb)
2022-05-28T18:48:43.4843180+02:00 0HMI0P77HAJEE:00000002 [INF] Request starting HTTP/1.1 GET https://localhost:7250/swagger/favicon-32x32.png - - (ca22a1cb)
2022-05-28T18:48:43.4844490+02:00 0HMI0P77HAJEE:00000002 [INF] Sending file. Request path: '"/favicon-32x32.png"'. Physical path: '"N/A"' (27b0a520)
2022-05-28T18:48:43.4844850+02:00 0HMI0P77HAJEE:00000002 [INF] Request finished HTTP/1.1 GET https://localhost:7250/swagger/favicon-32x32.png - - - 200 628 image/png 0.1736ms (791a596a)
2022-05-28T18:48:43.5688740+02:00 0HMI0P77HAJE9:0000000A [INF] Request finished HTTP/1.1 GET https://localhost:7250/swagger/v1/swagger.json - - - 200 - application/json;charset=utf-8 96.7034ms (791a596a)
2022-05-28T18:48:50.1832660+02:00 0HMI0P77HAJE9:0000000B [INF] Request starting HTTP/1.1 GET https://localhost:7250/api/Airplane - - (ca22a1cb)
2022-05-28T18:48:50.1952640+02:00 0HMI0P77HAJE9:0000000B [INF] Executing endpoint '"projekt.Controllers.AirplaneController.Get (AirplaneManagerApi)"' (500cc934)
2022-05-28T18:48:50.2519380+02:00 0HMI0P77HAJE9:0000000B [INF] Route matched with "{action = \"Get\", controller = \"Airplane\"}". Executing controller action with signature "System.Threading.Tasks.Task`1[Microsoft.AspNetCore.Mvc.ActionResult`1[System.Object]] Get()" on controller "projekt.Controllers.AirplaneController" ("AirplaneManagerApi"). (122b2fdf)
2022-05-28T18:48:51.7267250+02:00 0HMI0P77HAJE9:0000000B [INF] Executing "OkObjectResult", writing value of type '"System.Collections.Generic.List`1[[projekt.Model.Airplane, AirplaneManagerApi, Version=1.0.0.0, Culture=neutral, PublicKeyToken=null]]"'. (605b4265)
2022-05-28T18:48:51.7642120+02:00 0HMI0P77HAJE9:0000000B [INF] Executed action "projekt.Controllers.AirplaneController.Get (AirplaneManagerApi)" in 1507.7954ms (afa2e885)
2022-05-28T18:48:51.7646410+02:00 0HMI0P77HAJE9:0000000B [INF] Executed endpoint '"projekt.Controllers.AirplaneController.Get (AirplaneManagerApi)"' (99874f2b)
2022-05-28T18:48:51.7649360+02:00 0HMI0P77HAJE9:0000000B [INF] Request finished HTTP/1.1 GET https://localhost:7250/api/Airplane - - - 200 - application/json;+charset=utf-8 1581.6949ms (791a596a)
2022-05-28T18:49:05.5955810+02:00  [INF] Application is shutting down... (90f52c38)
2022-05-28T19:11:02.2772070+02:00  [INF] Now listening on: "https://localhost:7250" (d826f4b8)
2022-05-28T19:11:02.2799450+02:00  [INF] Now listening on: "http://localhost:5100" (d826f4b8)
2022-05-28T19:11:02.2836960+02:00  [INF] Application started. Press Ctrl+C to shut down. (dcaefe54)
2022-05-28T19:11:02.2846170+02:00  [INF] Hosting environment: "Development" (c3307c92)
2022-05-28T19:11:02.2846330+02:00  [INF] Content root path: "/Users/omarsamarah/Desktop/uni/Algoritmer/MockingProjekt/AirplaneManagerApi/" (b5d60022)
2022-05-28T19:11:02.8867640+02:00 0HMI0PK5JAJH0:00000002 [INF] Request starting HTTP/1.1 GET https://localhost:7250/ - - (ca22a1cb)
2022-05-28T19:11:03.0093470+02:00 0HMI0PK5JAJH0:00000002 [INF] Request finished HTTP/1.1 GET https://localhost:7250/ - - - 404 0 - 118.3367ms (791a596a)
2022-05-28T19:11:05.8712070+02:00 0HMI0PK5JAJH0:00000003 [INF] Request starting HTTP/1.1 GET https://localhost:7250/swagger/index.html - - (ca22a1cb)
2022-05-28T19:11:05.9940580+02:00 0HMI0PK5JAJH0:00000003 [INF] Request finished HTTP/1.1 GET https://localhost:7250/swagger/index.html - - - 200 - text/html;charset=utf-8 122.9658ms (791a596a)
2022-05-28T19:11:06.0357630+02:00 0HMI0PK5JAJH0:00000004 [INF] Request starting HTTP/1.1 GET https://localhost:7250/swagger/swagger-ui.css - - (ca22a1cb)
2022-05-28T19:11:06.0615470+02:00 0HMI0PK5JAJH0:00000004 [INF] Sending file. Request path: '"/swagger-ui.css"'. Physical path: '"N/A"' (27b0a520)
2022-05-28T19:11:06.0616330+02:00 0HMI0PK5JAJH0:00000004 [INF] Request finished HTTP/1.1 GET https://localhost:7250/swagger/swagger-ui.css - - - 200 143943 text/css 25.8652ms (791a596a)
2022-05-28T19:11:06.2843950+02:00 0HMI0PK5JAJH0:00000005 [INF] Request starting HTTP/1.1 GET https://localhost:7250/swagger/favicon-32x32.png - - (ca22a1cb)
2022-05-28T19:11:06.2847180+02:00 0HMI0PK5JAJH0:00000005 [INF] Sending file. Request path: '"/favicon-32x32.png"'. Physical path: '"N/A"' (27b0a520)
2022-05-28T19:11:06.2847500+02:00 0HMI0PK5JAJH0:00000005 [INF] Request finished HTTP/1.1 GET https://localhost:7250/swagger/favicon-32x32.png - - - 200 628 image/png 0.3630ms (791a596a)
2022-05-28T19:11:06.4284120+02:00 0HMI0PK5JAJH0:00000006 [INF] Request starting HTTP/1.1 GET https://localhost:7250/swagger/v1/swagger.json - - (ca22a1cb)
2022-05-28T19:11:06.4991630+02:00 0HMI0PK5JAJH3:00000002 [INF] Request starting HTTP/1.1 GET https://localhost:7250/swagger/favicon-32x32.png - - (ca22a1cb)
2022-05-28T19:11:06.4994340+02:00 0HMI0PK5JAJH3:00000002 [INF] Sending file. Request path: '"/favicon-32x32.png"'. Physical path: '"N/A"' (27b0a520)
2022-05-28T19:11:06.4995180+02:00 0HMI0PK5JAJH3:00000002 [INF] Request finished HTTP/1.1 GET https://localhost:7250/swagger/favicon-32x32.png - - - 200 628 image/png 0.3794ms (791a596a)
2022-05-28T19:11:06.5394900+02:00 0HMI0PK5JAJH0:00000006 [INF] Request finished HTTP/1.1 GET https://localhost:7250/swagger/v1/swagger.json - - - 200 - application/json;charset=utf-8 111.0493ms (791a596a)
2022-05-28T19:11:09.7636590+02:00 0HMI0PK5JAJH0:00000007 [INF] Request starting HTTP/1.1 GET https://localhost:7250/api/Airplane - - (ca22a1cb)
2022-05-28T19:11:09.7767780+02:00 0HMI0PK5JAJH0:00000007 [INF] Executing endpoint '"projekt.Controllers.AirplaneController.Get (AirplaneManagerApi)"' (500cc934)
2022-05-28T19:11:09.8263030+02:00 0HMI0PK5JAJH0:00000007 [INF] Route matched with "{action = \"Get\", controller = \"Airplane\"}". Executing controller action with signature "System.Threading.Tasks.Task`1[Microsoft.AspNetCore.Mvc.ActionResult`1[System.Object]] Get()" on controller "projekt.Controllers.AirplaneController" ("AirplaneManagerApi"). (122b2fdf)
2022-05-28T19:11:11.0461090+02:00 0HMI0PK5JAJH0:00000007 [INF] Executing StatusCodeResult, setting HTTP status code 500 (3fe03d2f)
2022-05-28T19:11:11.0542810+02:00 0HMI0PK5JAJH0:00000007 [INF] Executed action "projekt.Controllers.AirplaneController.Get (AirplaneManagerApi)" in 1221.1839ms (afa2e885)
2022-05-28T19:11:11.0552210+02:00 0HMI0PK5JAJH0:00000007 [INF] Executed endpoint '"projekt.Controllers.AirplaneController.Get (AirplaneManagerApi)"' (99874f2b)
2022-05-28T19:11:11.0577270+02:00 0HMI0PK5JAJH0:00000007 [INF] Request finished HTTP/1.1 GET https://localhost:7250/api/Airplane - - - 500 0 - 1294.1063ms (791a596a)
2022-05-28T19:11:14.0679680+02:00 0HMI0PK5JAJH0:00000008 [INF] Request starting HTTP/1.1 GET https://localhost:7250/api/Airplane - - (ca22a1cb)
2022-05-28T19:11:14.0681980+02:00 0HMI0PK5JAJH0:00000008 [INF] Executing endpoint '"projekt.Controllers.AirplaneController.Get (AirplaneManagerApi)"' (500cc934)
2022-05-28T19:11:14.0695020+02:00 0HMI0PK5JAJH0:00000008 [INF] Route matched with "{action = \"Get\", controller = \"Airplane\"}". Executing controller action with signature "System.Threading.Tasks.Task`1[Microsoft.AspNetCore.Mvc.ActionResult`1[System.Object]] Get()" on controller "projekt.Controllers.AirplaneController" ("AirplaneManagerApi"). (122b2fdf)
2022-05-28T19:11:14.7121990+02:00 0HMI0PK5JAJH0:00000008 [INF] Executing StatusCodeResult, setting HTTP status code 500 (3fe03d2f)
2022-05-28T19:11:14.7122890+02:00 0HMI0PK5JAJH0:00000008 [INF] Executed action "projekt.Controllers.AirplaneController.Get (AirplaneManagerApi)" in 642.7093ms (afa2e885)
2022-05-28T19:11:14.7123310+02:00 0HMI0PK5JAJH0:00000008 [INF] Executed endpoint '"projekt.Controllers.AirplaneController.Get (AirplaneManagerApi)"' (99874f2b)
2022-05-28T19:11:14.7124750+02:00 0HMI0PK5JAJH0:00000008 [INF] Request finished HTTP/1.1 GET https://localhost:7250/api/Airplane - - - 500 0 - 644.5059ms (791a596a)
2022-05-28T19:11:19.4322610+02:00 0HMI0PK5JAJH0:00000009 [INF] Request starting HTTP/1.1 GET https://localhost:7250/api/Airplane - - (ca22a1cb)
2022-05-28T19:11:19.4324200+02:00 0HMI0PK5JAJH0:00000009 [INF] Executing endpoint '"projekt.Controllers.AirplaneController.Get (AirplaneManagerApi)"' (500cc934)
2022-05-28T19:11:19.4324870+02:00 0HMI0PK5JAJH0:00000009 [INF] Route matched with "{action = \"Get\", controller = \"Airplane\"}". Executing controller action with signature "System.Threading.Tasks.Task`1[Microsoft.AspNetCore.Mvc.ActionResult`1[System.Object]] Get()" on controller "projekt.Controllers.AirplaneController" ("AirplaneManagerApi"). (122b2fdf)
2022-05-28T19:11:20.0610120+02:00 0HMI0PK5JAJH0:00000009 [INF] Executing StatusCodeResult, setting HTTP status code 500 (3fe03d2f)
2022-05-28T19:11:20.0611330+02:00 0HMI0PK5JAJH0:00000009 [INF] Executed action "projekt.Controllers.AirplaneController.Get (AirplaneManagerApi)" in 628.6054ms (afa2e885)
2022-05-28T19:11:20.0611760+02:00 0HMI0PK5JAJH0:00000009 [INF] Executed endpoint '"projekt.Controllers.AirplaneController.Get (AirplaneManagerApi)"' (99874f2b)
2022-05-28T19:11:20.0614070+02:00 0HMI0PK5JAJH0:00000009 [INF] Request finished HTTP/1.1 GET https://localhost:7250/api/Airplane - - - 500 0 - 629.0971ms (791a596a)
2022-05-28T19:11:23.8002780+02:00 0HMI0PK5JAJH0:0000000A [INF] Request starting HTTP/1.1 GET https://localhost:7250/api/Airplane - - (ca22a1cb)
2022-05-28T19:11:23.8004240+02:00 0HMI0PK5JAJH0:0000000A [INF] Executing endpoint '"projekt.Controllers.AirplaneController.Get (AirplaneManagerApi)"' (500cc934)
2022-05-28T19:11:23.8005010+02:00 0HMI0PK5JAJH0:0000000A [INF] Route matched with "{action = \"Get\", controller = \"Airplane\"}". Executing controller action with signature "System.Threading.Tasks.Task`1[Microsoft.AspNetCore.Mvc.ActionResult`1[System.Object]] Get()" on controller "projekt.Controllers.AirplaneController" ("AirplaneManagerApi"). (122b2fdf)
2022-05-28T19:11:24.4076340+02:00 0HMI0PK5JAJH0:0000000A [INF] Executing StatusCodeResult, setting HTTP status code 500 (3fe03d2f)
2022-05-28T19:11:24.4077300+02:00 0HMI0PK5JAJH0:0000000A [INF] Executed action "projekt.Controllers.AirplaneController.Get (AirplaneManagerApi)" in 607.1943ms (afa2e885)
2022-05-28T19:11:24.4077640+02:00 0HMI0PK5JAJH0:0000000A [INF] Executed endpoint '"projekt.Controllers.AirplaneController.Get (AirplaneManagerApi)"' (99874f2b)
2022-05-28T19:11:24.4080070+02:00 0HMI0PK5JAJH0:0000000A [INF] Request finished HTTP/1.1 GET https://localhost:7250/api/Airplane - - - 500 0 - 607.6208ms (791a596a)
2022-05-28T19:16:04.4150790+02:00 0HMI0PK5JAJH5:00000002 [INF] Request starting HTTP/1.1 GET https://localhost:7250/api/Airplane - - (ca22a1cb)
2022-05-28T19:16:04.4152240+02:00 0HMI0PK5JAJH5:00000002 [INF] Executing endpoint '"projekt.Controllers.AirplaneController.Get (AirplaneManagerApi)"' (500cc934)
2022-05-28T19:16:04.4152860+02:00 0HMI0PK5JAJH5:00000002 [INF] Route matched with "{action = \"Get\", controller = \"Airplane\"}". Executing controller action with signature "System.Threading.Tasks.Task`1[Microsoft.AspNetCore.Mvc.ActionResult`1[System.Object]] Get()" on controller "projekt.Controllers.AirplaneController" ("AirplaneManagerApi"). (122b2fdf)
2022-05-28T19:16:05.1449800+02:00 0HMI0PK5JAJH5:00000002 [INF] Executing StatusCodeResult, setting HTTP status code 500 (3fe03d2f)
2022-05-28T19:16:05.1453200+02:00 0HMI0PK5JAJH5:00000002 [INF] Executed action "projekt.Controllers.AirplaneController.Get (AirplaneManagerApi)" in 729.995ms (afa2e885)
2022-05-28T19:16:05.1453520+02:00 0HMI0PK5JAJH5:00000002 [INF] Executed endpoint '"projekt.Controllers.AirplaneController.Get (AirplaneManagerApi)"' (99874f2b)
2022-05-28T19:16:05.1455010+02:00 0HMI0PK5JAJH5:00000002 [INF] Request finished HTTP/1.1 GET https://localhost:7250/api/Airplane - - - 500 0 - 730.3984ms (791a596a)
2022-05-28T19:16:17.7975090+02:00 0HMI0PK5JAJH5:00000003 [INF] Request starting HTTP/1.1 GET https://localhost:7250/api/Airplane/search/Airbus - - (ca22a1cb)
2022-05-28T19:16:17.7987980+02:00 0HMI0PK5JAJH5:00000003 [INF] Executing endpoint '"projekt.Controllers.AirplaneController.Search (AirplaneManagerApi)"' (500cc934)
2022-05-28T19:16:17.8255770+02:00 0HMI0PK5JAJH5:00000003 [INF] Route matched with "{action = \"Search\", controller = \"Airplane\"}". Executing controller action with signature "System.Threading.Tasks.Task`1[Microsoft.AspNetCore.Mvc.ActionResult`1[System.Object]] Search(System.String)" on controller "projekt.Controllers.AirplaneController" ("AirplaneManagerApi"). (122b2fdf)
2022-05-28T19:16:18.5593340+02:00 0HMI0PK5JAJH5:00000003 [INF] Executing StatusCodeResult, setting HTTP status code 500 (3fe03d2f)
2022-05-28T19:16:18.5594050+02:00 0HMI0PK5JAJH5:00000003 [INF] Executed action "projekt.Controllers.AirplaneController.Search (AirplaneManagerApi)" in 733.787ms (afa2e885)
2022-05-28T19:16:18.5595800+02:00 0HMI0PK5JAJH5:00000003 [INF] Executed endpoint '"projekt.Controllers.AirplaneController.Search (AirplaneManagerApi)"' (99874f2b)
2022-05-28T19:16:18.5597120+02:00 0HMI0PK5JAJH5:00000003 [INF] Request finished HTTP/1.1 GET https://localhost:7250/api/Airplane/search/Airbus - - - 500 0 - 762.1925ms (791a596a)
2022-05-28T19:17:45.5893720+02:00 0HMI0PK5JAJH5:00000004 [INF] Request starting HTTP/1.1 GET https://localhost:7250/api/Airplane - - (ca22a1cb)
2022-05-28T19:17:45.5895220+02:00 0HMI0PK5JAJH5:00000004 [INF] Executing endpoint '"projekt.Controllers.AirplaneController.Get (AirplaneManagerApi)"' (500cc934)
2022-05-28T19:17:45.5895910+02:00 0HMI0PK5JAJH5:00000004 [INF] Route matched with "{action = \"Get\", controller = \"Airplane\"}". Executing controller action with signature "System.Threading.Tasks.Task`1[Microsoft.AspNetCore.Mvc.ActionResult`1[System.Object]] Get()" on controller "projekt.Controllers.AirplaneController" ("AirplaneManagerApi"). (122b2fdf)
2022-05-28T19:17:46.5244030+02:00 0HMI0PK5JAJH5:00000004 [INF] Executing StatusCodeResult, setting HTTP status code 500 (3fe03d2f)
2022-05-28T19:17:46.5245370+02:00 0HMI0PK5JAJH5:00000004 [INF] Executed action "projekt.Controllers.AirplaneController.Get (AirplaneManagerApi)" in 934.9054ms (afa2e885)
2022-05-28T19:17:46.5246260+02:00 0HMI0PK5JAJH5:00000004 [INF] Executed endpoint '"projekt.Controllers.AirplaneController.Get (AirplaneManagerApi)"' (99874f2b)
2022-05-28T19:17:46.5248470+02:00 0HMI0PK5JAJH5:00000004 [INF] Request finished HTTP/1.1 GET https://localhost:7250/api/Airplane - - - 500 0 - 935.4411ms (791a596a)
2022-05-28T19:25:27.6093550+02:00  [INF] Application is shutting down... (90f52c38)
2022-05-28T19:25:34.4213470+02:00  [INF] Now listening on: "https://localhost:7250" (d826f4b8)
2022-05-28T19:25:34.4240540+02:00  [INF] Now listening on: "http://localhost:5100" (d826f4b8)
2022-05-28T19:25:34.4280940+02:00  [INF] Application started. Press Ctrl+C to shut down. (dcaefe54)
2022-05-28T19:25:34.4288200+02:00  [INF] Hosting environment: "Development" (c3307c92)
2022-05-28T19:25:34.4288360+02:00  [INF] Content root path: "/Users/omarsamarah/Desktop/uni/Algoritmer/MockingProjekt/AirplaneManagerApi/" (b5d60022)
2022-05-28T19:25:35.0313550+02:00 0HMI0PS9GKS06:00000002 [INF] Request starting HTTP/1.1 GET https://localhost:7250/ - - (ca22a1cb)
2022-05-28T19:25:35.1482120+02:00 0HMI0PS9GKS06:00000002 [INF] Request finished HTTP/1.1 GET https://localhost:7250/ - - - 404 0 - 113.3111ms (791a596a)
2022-05-28T19:25:37.3316930+02:00 0HMI0PS9GKS06:00000003 [INF] Request starting HTTP/1.1 GET https://localhost:7250/ - - (ca22a1cb)
2022-05-28T19:25:37.3320870+02:00 0HMI0PS9GKS06:00000003 [INF] Request finished HTTP/1.1 GET https://localhost:7250/ - - - 404 0 - 0.4191ms (791a596a)
2022-05-28T19:25:39.2998540+02:00 0HMI0PS9GKS06:00000004 [INF] Request starting HTTP/1.1 GET https://localhost:7250/ - - (ca22a1cb)
2022-05-28T19:25:39.3007290+02:00 0HMI0PS9GKS06:00000004 [INF] Request finished HTTP/1.1 GET https://localhost:7250/ - - - 404 0 - 0.8791ms (791a596a)
2022-05-28T19:25:42.0852520+02:00 0HMI0PS9GKS06:00000005 [INF] Request starting HTTP/1.1 GET https://localhost:7250/swagger/index.html - - (ca22a1cb)
2022-05-28T19:25:42.2187110+02:00 0HMI0PS9GKS06:00000005 [INF] Request finished HTTP/1.1 GET https://localhost:7250/swagger/index.html - - - 200 - text/html;charset=utf-8 133.4645ms (791a596a)
2022-05-28T19:25:42.2854930+02:00 0HMI0PS9GKS06:00000006 [INF] Request starting HTTP/1.1 GET https://localhost:7250/swagger/swagger-ui.css - - (ca22a1cb)
2022-05-28T19:25:42.3151050+02:00 0HMI0PS9GKS06:00000006 [INF] Sending file. Request path: '"/swagger-ui.css"'. Physical path: '"N/A"' (27b0a520)
2022-05-28T19:25:42.3151840+02:00 0HMI0PS9GKS06:00000006 [INF] Request finished HTTP/1.1 GET https://localhost:7250/swagger/swagger-ui.css - - - 200 143943 text/css 29.6908ms (791a596a)
2022-05-28T19:25:42.5551280+02:00 0HMI0PS9GKS06:00000007 [INF] Request starting HTTP/1.1 GET https://localhost:7250/swagger/favicon-32x32.png - - (ca22a1cb)
2022-05-28T19:25:42.5554050+02:00 0HMI0PS9GKS06:00000007 [INF] Sending file. Request path: '"/favicon-32x32.png"'. Physical path: '"N/A"' (27b0a520)
2022-05-28T19:25:42.5554390+02:00 0HMI0PS9GKS06:00000007 [INF] Request finished HTTP/1.1 GET https://localhost:7250/swagger/favicon-32x32.png - - - 200 628 image/png 0.3205ms (791a596a)
2022-05-28T19:25:42.7121070+02:00 0HMI0PS9GKS06:00000008 [INF] Request starting HTTP/1.1 GET https://localhost:7250/swagger/v1/swagger.json - - (ca22a1cb)
2022-05-28T19:25:42.7974750+02:00 0HMI0PS9GKS0B:00000002 [INF] Request starting HTTP/1.1 GET https://localhost:7250/swagger/favicon-32x32.png - - (ca22a1cb)
2022-05-28T19:25:42.7977170+02:00 0HMI0PS9GKS0B:00000002 [INF] Sending file. Request path: '"/favicon-32x32.png"'. Physical path: '"N/A"' (27b0a520)
2022-05-28T19:25:42.7977490+02:00 0HMI0PS9GKS0B:00000002 [INF] Request finished HTTP/1.1 GET https://localhost:7250/swagger/favicon-32x32.png - - - 200 628 image/png 0.3283ms (791a596a)
2022-05-28T19:25:42.8395730+02:00 0HMI0PS9GKS06:00000008 [INF] Request finished HTTP/1.1 GET https://localhost:7250/swagger/v1/swagger.json - - - 200 - application/json;charset=utf-8 127.4777ms (791a596a)
2022-05-28T19:25:47.5181770+02:00 0HMI0PS9GKS06:00000009 [INF] Request starting HTTP/1.1 GET https://localhost:7250/api/Airplane - - (ca22a1cb)
2022-05-28T19:25:47.5301060+02:00 0HMI0PS9GKS06:00000009 [INF] Executing endpoint '"projekt.Controllers.AirplaneController.Get (AirplaneManagerApi)"' (500cc934)
2022-05-28T19:25:47.5914290+02:00 0HMI0PS9GKS06:00000009 [INF] Route matched with "{action = \"Get\", controller = \"Airplane\"}". Executing controller action with signature "System.Threading.Tasks.Task`1[Microsoft.AspNetCore.Mvc.ActionResult`1[System.Object]] Get()" on controller "projekt.Controllers.AirplaneController" ("AirplaneManagerApi"). (122b2fdf)
2022-05-28T19:25:48.8523250+02:00 0HMI0PS9GKS06:00000009 [INF] Executing StatusCodeResult, setting HTTP status code 500 (3fe03d2f)
2022-05-28T19:25:48.8621750+02:00 0HMI0PS9GKS06:00000009 [INF] Executed action "projekt.Controllers.AirplaneController.Get (AirplaneManagerApi)" in 1262.4647ms (afa2e885)
2022-05-28T19:25:48.8634680+02:00 0HMI0PS9GKS06:00000009 [INF] Executed endpoint '"projekt.Controllers.AirplaneController.Get (AirplaneManagerApi)"' (99874f2b)
2022-05-28T19:25:48.8665120+02:00 0HMI0PS9GKS06:00000009 [INF] Request finished HTTP/1.1 GET https://localhost:7250/api/Airplane - - - 500 0 - 1348.3255ms (791a596a)
2022-05-28T19:25:51.2577380+02:00 0HMI0PS9GKS06:0000000A [INF] Request starting HTTP/1.1 GET https://localhost:7250/api/Airplane - - (ca22a1cb)
2022-05-28T19:25:51.2579560+02:00 0HMI0PS9GKS06:0000000A [INF] Executing endpoint '"projekt.Controllers.AirplaneController.Get (AirplaneManagerApi)"' (500cc934)
2022-05-28T19:25:51.2593630+02:00 0HMI0PS9GKS06:0000000A [INF] Route matched with "{action = \"Get\", controller = \"Airplane\"}". Executing controller action with signature "System.Threading.Tasks.Task`1[Microsoft.AspNetCore.Mvc.ActionResult`1[System.Object]] Get()" on controller "projekt.Controllers.AirplaneController" ("AirplaneManagerApi"). (122b2fdf)
2022-05-28T19:25:51.9700450+02:00 0HMI0PS9GKS06:0000000A [INF] Executing StatusCodeResult, setting HTTP status code 500 (3fe03d2f)
2022-05-28T19:25:51.9702180+02:00 0HMI0PS9GKS06:0000000A [INF] Executed action "projekt.Controllers.AirplaneController.Get (AirplaneManagerApi)" in 710.6941ms (afa2e885)
2022-05-28T19:25:51.9702630+02:00 0HMI0PS9GKS06:0000000A [INF] Executed endpoint '"projekt.Controllers.AirplaneController.Get (AirplaneManagerApi)"' (99874f2b)
2022-05-28T19:25:51.9704930+02:00 0HMI0PS9GKS06:0000000A [INF] Request finished HTTP/1.1 GET https://localhost:7250/api/Airplane - - - 500 0 - 712.7053ms (791a596a)
2022-05-28T20:03:59.7522960+02:00  [INF] Application is shutting down... (90f52c38)
